<?xml version="1.0" encoding="UTF-8"?>
<!-- Generated by org.testng.reporters.JUnitReportReporter -->
<testsuite skipped="0" hostname="DESKTOP-ABG1N84" name="scripts.GmailTest" tests="1" failures="0" timestamp="02 Mar 2019 13:01:32 GMT" time="19.826" errors="0">
  <testcase name="GmailTest" time="19.826" classname="scripts.GmailTest"/>
</testsuite> <!-- scripts.GmailTest -->
