<?xml version="1.0" encoding="UTF-8"?>
<!-- Generated by org.testng.reporters.JUnitReportReporter -->
<testsuite skipped="1" hostname="DESKTOP-ABG1N84" name="scripts.assignments.Testbrowser" tests="1" failures="0" timestamp="26 Mar 2019 05:59:20 GMT" time="0.000" errors="0">
  <testcase name="Testbrowser1" time="0.000" classname="scripts.assignments.Testbrowser">
    <skipped/>
  </testcase> <!-- Testbrowser1 -->
</testsuite> <!-- scripts.assignments.Testbrowser -->
