<?xml version="1.0" encoding="UTF-8"?>
<!-- Generated by org.testng.reporters.JUnitReportReporter -->
<testsuite skipped="2" hostname="DESKTOP-ABG1N84" name="scripts.NewTest" tests="2" failures="0" timestamp="26 Mar 2019 05:59:21 GMT" time="0.000" errors="0">
  <testcase name="Logintest" time="0.000" classname="scripts.NewTest">
    <skipped/>
  </testcase> <!-- Logintest -->
  <testcase name="googletest" time="0.000" classname="scripts.NewTest">
    <skipped/>
  </testcase> <!-- googletest -->
</testsuite> <!-- scripts.NewTest -->
