<?xml version="1.0" encoding="UTF-8"?>
<!-- Generated by org.testng.reporters.JUnitReportReporter -->
<testsuite skipped="0" hostname="DESKTOP-ABG1N84" name="scripts.frames.NewTest1" tests="1" failures="0" timestamp="20 Mar 2019 20:07:45 GMT" time="23.062" errors="0">
  <testcase name="f" time="23.062" classname="scripts.frames.NewTest1"/>
</testsuite> <!-- scripts.frames.NewTest1 -->
