<?xml version="1.0" encoding="UTF-8"?>
<!-- Generated by org.testng.reporters.JUnitReportReporter -->
<testsuite skipped="0" hostname="DESKTOP-ABG1N84" name="scripts.webtables.HandleWebTables" tests="2" failures="0" timestamp="29 Mar 2019 07:10:34 GMT" time="19.533" errors="0">
  <testcase name="clickDetailsBasedOFFText" time="11.709" classname="scripts.webtables.HandleWebTables"/>
  <testcase name="clickDeleteBasedOffText" time="7.824" classname="scripts.webtables.HandleWebTables"/>
</testsuite> <!-- scripts.webtables.HandleWebTables -->
