<?xml version="1.0" encoding="UTF-8"?>
<!-- Generated by org.testng.reporters.JUnitReportReporter -->
<testsuite skipped="2" hostname="DESKTOP-ABG1N84" name="scripts.actions.RowSelectionTests" tests="2" failures="0" timestamp="26 Mar 2019 05:59:21 GMT" time="0.000" errors="0">
  <testcase name="testRowSelectionUsingShiftKey" time="0.000" classname="scripts.actions.RowSelectionTests">
    <skipped/>
  </testcase> <!-- testRowSelectionUsingShiftKey -->
  <testcase name="testRowSelectionUsingControlKey" time="0.000" classname="scripts.actions.RowSelectionTests">
    <skipped/>
  </testcase> <!-- testRowSelectionUsingControlKey -->
</testsuite> <!-- scripts.actions.RowSelectionTests -->
