<?xml version="1.0" encoding="UTF-8"?>
<!-- Generated by org.testng.reporters.JUnitReportReporter -->
<testsuite skipped="1" hostname="DESKTOP-ABG1N84" name="scripts.NewTest1" tests="1" failures="0" timestamp="26 Mar 2019 05:59:21 GMT" time="0.000" errors="0">
  <testcase name="f" time="0.000" classname="scripts.NewTest1">
    <skipped/>
  </testcase> <!-- f -->
</testsuite> <!-- scripts.NewTest1 -->
