<?xml version="1.0" encoding="UTF-8"?>
<!-- Generated by org.testng.reporters.JUnitReportReporter -->
<testsuite skipped="1" hostname="DESKTOP-ABG1N84" name="scripts.testng.FlipkartAllLinks2" tests="1" failures="0" timestamp="26 Mar 2019 05:59:21 GMT" time="0.000" errors="0">
  <testcase name="flipkartlinks" time="0.000" classname="scripts.testng.FlipkartAllLinks2">
    <skipped/>
  </testcase> <!-- flipkartlinks -->
</testsuite> <!-- scripts.testng.FlipkartAllLinks2 -->
