<?xml version="1.0" encoding="UTF-8"?>
<!-- Generated by org.testng.reporters.JUnitReportReporter -->
<testsuite skipped="0" hostname="DESKTOP-ABG1N84" name="webtable.practice" tests="1" failures="0" timestamp="28 Mar 2019 16:38:08 GMT" time="25.509" errors="0">
  <testcase name="DeleteTheRowContainingJdoe" time="25.509" classname="webtable.practice"/>
</testsuite> <!-- webtable.practice -->
