<?xml version="1.0" encoding="UTF-8"?>
<!-- Generated by org.testng.reporters.JUnitReportReporter -->
<testsuite skipped="0" hostname="DESKTOP-ABG1N84" name="scripts.actions.Assignment4" tests="1" failures="0" timestamp="03 Apr 2019 11:29:12 GMT" time="25.239" errors="0">
  <testcase name="Windowhandling1" time="25.239" classname="scripts.actions.Assignment4"/>
</testsuite> <!-- scripts.actions.Assignment4 -->
