<?xml version="1.0" encoding="UTF-8"?>
<!-- Generated by org.testng.reporters.JUnitReportReporter -->
<testsuite skipped="0" hostname="DESKTOP-ABG1N84" name="scripts.log4j.NewTest" tests="1" failures="0" timestamp="30 Mar 2019 13:09:59 GMT" time="25.485" errors="0">
  <testcase name="f" time="25.485" classname="scripts.log4j.NewTest"/>
</testsuite> <!-- scripts.log4j.NewTest -->
