<?xml version="1.0" encoding="UTF-8"?>
<!-- Generated by org.testng.reporters.JUnitReportReporter -->
<testsuite skipped="0" hostname="DESKTOP-ABG1N84" name="webtable.Assigment1" tests="1" failures="0" timestamp="29 Mar 2019 06:58:10 GMT" time="9.529" errors="0">
  <testcase name="clickDeleteBasedOffText" time="9.529" classname="webtable.Assigment1"/>
</testsuite> <!-- webtable.Assigment1 -->
