<?xml version="1.0" encoding="UTF-8"?>
<!-- Generated by org.testng.reporters.JUnitReportReporter -->
<testsuite skipped="0" hostname="DESKTOP-ABG1N84" name="scripts.webtables.NewTest1" tests="1" failures="0" timestamp="20 Mar 2019 13:59:52 GMT" time="10.618" errors="0">
  <testcase name="testWebTableTests1" time="10.618" classname="scripts.webtables.NewTest1"/>
</testsuite> <!-- scripts.webtables.NewTest1 -->
