<?xml version="1.0" encoding="UTF-8"?>
<!-- Generated by org.testng.reporters.JUnitReportReporter -->
<testsuite skipped="0" hostname="DESKTOP-ABG1N84" name="scripts.log4j.NewTest3" tests="1" failures="0" timestamp="30 Mar 2019 13:11:05 GMT" time="13.301" errors="0">
  <testcase name="f" time="13.301" classname="scripts.log4j.NewTest3"/>
</testsuite> <!-- scripts.log4j.NewTest3 -->
