<?xml version="1.0" encoding="UTF-8"?>
<!-- Generated by org.testng.reporters.JUnitReportReporter -->
<testsuite skipped="1" hostname="DESKTOP-ABG1N84" name="scripts.webtables.Assignment2" tests="1" failures="0" timestamp="26 Mar 2019 05:59:21 GMT" time="0.000" errors="0">
  <testcase name="assignment2" time="0.000" classname="scripts.webtables.Assignment2">
    <skipped/>
  </testcase> <!-- assignment2 -->
</testsuite> <!-- scripts.webtables.Assignment2 -->
