<?xml version="1.0" encoding="UTF-8"?>
<!-- Generated by org.testng.reporters.JUnitReportReporter -->
<testsuite skipped="3" hostname="DESKTOP-ABG1N84" name="scripts.testng.TestNgConfig4" tests="3" failures="0" timestamp="26 Mar 2019 05:59:20 GMT" time="0.000" errors="0">
  <testcase name="test2" time="0.000" classname="scripts.testng.TestNgConfig4">
    <skipped/>
  </testcase> <!-- test2 -->
  <testcase name="test1" time="0.000" classname="scripts.testng.TestNgConfig4">
    <skipped/>
  </testcase> <!-- test1 -->
  <testcase name="test3" time="0.000" classname="scripts.testng.TestNgConfig4">
    <skipped/>
  </testcase> <!-- test3 -->
</testsuite> <!-- scripts.testng.TestNgConfig4 -->
