<?xml version="1.0" encoding="UTF-8"?>
<!-- Generated by org.testng.reporters.JUnitReportReporter -->
<testsuite skipped="0" hostname="DESKTOP-ABG1N84" name="scripts.actions.Assignment5" tests="1" failures="0" timestamp="29 Mar 2019 11:32:54 GMT" time="30.868" errors="0">
  <testcase name="Assignment5" time="30.868" classname="scripts.actions.Assignment5"/>
</testsuite> <!-- scripts.actions.Assignment5 -->
