<?xml version="1.0" encoding="UTF-8"?>
<!-- Generated by org.testng.reporters.JUnitReportReporter -->
<testsuite skipped="0" hostname="DESKTOP-ABG1N84" name="scripts.po.NicheLoginTest" tests="1" failures="0" timestamp="22 Mar 2019 13:07:03 GMT" time="20.635" errors="0">
  <testcase name="nicheLoginTest" time="20.635" classname="scripts.po.NicheLoginTest"/>
</testsuite> <!-- scripts.po.NicheLoginTest -->
