<?xml version="1.0" encoding="UTF-8"?>
<!-- Generated by org.testng.reporters.JUnitReportReporter -->
<testsuite skipped="4" hostname="DESKTOP-ABG1N84" name="scripts.frames.FramesTest" tests="4" failures="0" timestamp="26 Mar 2019 05:59:21 GMT" time="0.000" errors="0">
  <testcase name="testFrameWithIdOrName" time="0.000" classname="scripts.frames.FramesTest">
    <skipped/>
  </testcase> <!-- testFrameWithIdOrName -->
  <testcase name="testFrameByContents" time="0.000" classname="scripts.frames.FramesTest">
    <skipped/>
  </testcase> <!-- testFrameByContents -->
  <testcase name="testIFrame" time="0.000" classname="scripts.frames.FramesTest">
    <skipped/>
  </testcase> <!-- testIFrame -->
  <testcase name="testFrameByIndex" time="0.000" classname="scripts.frames.FramesTest">
    <skipped/>
  </testcase> <!-- testFrameByIndex -->
</testsuite> <!-- scripts.frames.FramesTest -->
