<?xml version="1.0" encoding="UTF-8"?>
<!-- Generated by org.testng.reporters.JUnitReportReporter -->
<testsuite skipped="0" hostname="DESKTOP-ABG1N84" name="scripts.frames.ToolQAFrame" tests="1" failures="0" timestamp="20 Mar 2019 18:55:05 GMT" time="41.897" errors="0">
  <testcase name="ToolQAFrame1" time="41.897" classname="scripts.frames.ToolQAFrame"/>
</testsuite> <!-- scripts.frames.ToolQAFrame -->
